#
# There is insufficient memory for the Java Runtime Environment to continue.
# Native memory allocation (malloc) failed to allocate 2201040 bytes for Chunk::new
# Possible reasons:
#   The system is out of physical RAM or swap space
#   The process is running with CompressedOops enabled, and the Java Heap may be blocking the growth of the native heap
# Possible solutions:
#   Reduce memory load on the system
#   Increase physical memory or swap space
#   Check if swap backing store is full
#   Decrease Java heap size (-Xmx/-Xms)
#   Decrease number of Java threads
#   Decrease Java thread stack sizes (-Xss)
#   Set larger code cache with -XX:ReservedCodeCacheSize=
#   JVM is running with Unscaled Compressed Oops mode in which the Java heap is
#     placed in the first 4GB address space. The Java Heap base address is the
#     maximum limit for the native heap growth. Please use -XX:HeapBaseMinAddress
#     to set the Java Heap base and to place the Java Heap above 4GB virtual address.
# This output file may be truncated or incomplete.
#
#  Out of Memory Error (allocation.cpp:389), pid=10916, tid=0x0000000000000afc
#
# JRE version: OpenJDK Runtime Environment (8.0_202-b03) (build 1.8.0_202-release-1483-b03)
# Java VM: OpenJDK 64-Bit Server VM (25.202-b03 mixed mode windows-amd64 compressed oops)
# Failed to write core dump. Minidumps are not enabled by default on client versions of Windows
#

---------------  T H R E A D  ---------------

Current thread (0x0000000016b2a800):  JavaThread "C2 CompilerThread1" daemon [_thread_in_native, id=2812, stack(0x0000000018620000,0x0000000018720000)]

Stack: [0x0000000018620000,0x0000000018720000]
[error occurred during error reporting (printing stack bounds), id 0xc0000005]

Native frames: (J=compiled Java code, j=interpreted, Vv=VM code, C=native code)


Current CompileTask:
C2:3178651 25486   !   4       com.android.tools.r8.dex.c::b (2274 bytes)


---------------  P R O C E S S  ---------------

Java Threads: ( => current thread )
  0x000000001deb7800 JavaThread "Cache worker for Java compile cache (C:\Users\noure\Desktop\MyApplication2\.gradle\5.4.1\javaCompile)" [_thread_blocked, id=6148, stack(0x0000000033fc0000,0x00000000340c0000)]
  0x000000001deb7000 JavaThread "Cache worker for Java compile cache (C:\Users\noure\.gradle\caches\5.4.1\javaCompile)" [_thread_blocked, id=10748, stack(0x0000000033ec0000,0x0000000033fc0000)]
  0x000000001deb4000 JavaThread "WorkerExecutor Queue Thread 5" [_thread_blocked, id=4588, stack(0x0000000033dc0000,0x0000000033ec0000)]
  0x000000001deb2800 JavaThread "stdout" [_thread_in_native, id=11140, stack(0x0000000033cc0000,0x0000000033dc0000)]
  0x000000001deb6000 JavaThread "stderr" [_thread_in_native, id=12872, stack(0x0000000033bc0000,0x0000000033cc0000)]
  0x000000001deb5800 JavaThread "stdout" [_thread_in_native, id=7776, stack(0x0000000033ac0000,0x0000000033bc0000)]
  0x000000001deb4800 JavaThread "stderr" [_thread_in_native, id=12056, stack(0x00000000339c0000,0x0000000033ac0000)]
  0x000000001deb3000 JavaThread "stdout" [_thread_in_native, id=4100, stack(0x00000000338c0000,0x00000000339c0000)]
  0x00000000198ee000 JavaThread "stderr" [_thread_in_native, id=11824, stack(0x00000000337c0000,0x00000000338c0000)]
  0x00000000198e9800 JavaThread "stdout" [_thread_in_native, id=12732, stack(0x00000000336c0000,0x00000000337c0000)]
  0x000000001ce17800 JavaThread "stderr" [_thread_in_native, id=3332, stack(0x00000000335c0000,0x00000000336c0000)]
  0x000000001ce16000 JavaThread "pool-22-thread-1" [_thread_blocked, id=12280, stack(0x00000000334c0000,0x00000000335c0000)]
  0x000000001ce16800 JavaThread "MarlinRenderer Disposer" daemon [_thread_blocked, id=176, stack(0x00000000333c0000,0x00000000334c0000)]
  0x000000001ce15000 JavaThread "Java2D Disposer" daemon [_thread_blocked, id=9940, stack(0x00000000332c0000,0x00000000333c0000)]
  0x000000001ce12000 JavaThread "WorkerExecutor Queue Thread 3" [_thread_blocked, id=2376, stack(0x0000000032ec0000,0x0000000032fc0000)]
  0x000000001ce0d000 JavaThread "WorkerExecutor Queue Thread 2" [_thread_blocked, id=11836, stack(0x0000000032dc0000,0x0000000032ec0000)]
  0x000000001ce11800 JavaThread "WorkerExecutor Queue" [_thread_blocked, id=2404, stack(0x0000000032cc0000,0x0000000032dc0000)]
  0x000000001ce0f000 JavaThread "Cache worker for execution history cache (C:\Users\noure\Desktop\MyApplication2\.gradle\5.4.1\executionHistory)" [_thread_blocked, id=12852, stack(0x0000000032bc0000,0x0000000032cc0000)]
  0x000000001ce08800 JavaThread "Execution worker for ':' Thread 3" [_thread_blocked, id=1968, stack(0x0000000032ac0000,0x0000000032bc0000)]
  0x000000001ce0e800 JavaThread "Execution worker for ':' Thread 2" [_thread_blocked, id=9832, stack(0x00000000329c0000,0x0000000032ac0000)]
  0x000000001e432800 JavaThread "Execution worker for ':'" [_thread_blocked, id=8896, stack(0x00000000328c0000,0x00000000329c0000)]
  0x000000001e431800 JavaThread "Cache worker for file content cache (C:\Users\noure\Desktop\MyApplication2\.gradle\5.4.1\fileContent)" [_thread_blocked, id=3460, stack(0x00000000327c0000,0x00000000328c0000)]
  0x000000001e431000 JavaThread "Cache worker for file content cache (C:\Users\noure\.gradle\caches\5.4.1\fileContent)" [_thread_blocked, id=11916, stack(0x00000000326c0000,0x00000000327c0000)]
  0x000000001e430000 JavaThread "Cache worker for Build Output Cleanup Cache (C:\Users\noure\Desktop\MyApplication2\.gradle\buildOutputCleanup)" [_thread_blocked, id=7852, stack(0x00000000325c0000,0x00000000326c0000)]
  0x000000001e42f800 JavaThread "pool-21-thread-1" [_thread_blocked, id=9568, stack(0x00000000324c0000,0x00000000325c0000)]
  0x000000001e428000 JavaThread "Build operations Thread 4" [_thread_blocked, id=12128, stack(0x00000000323c0000,0x00000000324c0000)]
  0x000000001e42e800 JavaThread "Build operations Thread 3" [_thread_blocked, id=1860, stack(0x00000000322c0000,0x00000000323c0000)]
  0x000000001e42d000 JavaThread "Build operations Thread 2" [_thread_blocked, id=13288, stack(0x00000000321c0000,0x00000000322c0000)]
  0x000000001e42b800 JavaThread "Build operations" [_thread_blocked, id=2328, stack(0x00000000320c0000,0x00000000321c0000)]
  0x000000001e427000 JavaThread "Cache worker for cache directory md-rule (C:\Users\noure\.gradle\caches\5.4.1\md-rule)" [_thread_blocked, id=7856, stack(0x0000000031fc0000,0x00000000320c0000)]
  0x000000001e428800 JavaThread "Cache worker for cache directory md-supplier (C:\Users\noure\.gradle\caches\5.4.1\md-supplier)" [_thread_blocked, id=532, stack(0x0000000031ec0000,0x0000000031fc0000)]
  0x000000001e42c800 JavaThread "Cache worker for file hash cache (C:\Users\noure\Desktop\MyApplication2\.gradle\5.4.1\fileHashes)" [_thread_in_native, id=412, stack(0x0000000031dc0000,0x0000000031ec0000)]
  0x000000001e424000 JavaThread "Thread-191" [_thread_blocked, id=7044, stack(0x0000000031cc0000,0x0000000031dc0000)]
  0x000000001e426800 JavaThread "Stdin handler" [_thread_blocked, id=3300, stack(0x0000000031bc0000,0x0000000031cc0000)]
  0x000000001e425800 JavaThread "Asynchronous log dispatcher for DefaultDaemonConnection: socket connection from /127.0.0.1:59560 to /127.0.0.1:60372" [_thread_blocked, id=8620, stack(0x0000000031ac0000,0x0000000031bc0000)]
  0x000000001e429800 JavaThread "Daemon worker Thread 8" [_thread_blocked, id=11088, stack(0x00000000319c0000,0x0000000031ac0000)]
  0x000000001e42b000 JavaThread "Cancel handler" [_thread_blocked, id=2564, stack(0x00000000318c0000,0x00000000319c0000)]
  0x000000001e425000 JavaThread "Handler for socket connection from /127.0.0.1:59560 to /127.0.0.1:60372" [_thread_in_native, id=7904, stack(0x00000000317c0000,0x00000000318c0000)]
  0x000000001e42a000 JavaThread "Daemon Thread 8" [_thread_blocked, id=12508, stack(0x00000000316c0000,0x00000000317c0000)]
  0x000000001ce09000 JavaThread "Memory manager" [_thread_blocked, id=9580, stack(0x0000000023c50000,0x0000000023d50000)]
  0x000000001ce0a000 JavaThread "Cache worker for execution history cache (C:\Users\noure\.gradle\caches\5.4.1\executionHistory)" [_thread_blocked, id=7732, stack(0x00000000209a0000,0x0000000020aa0000)]
  0x00000000198ef800 JavaThread "Cache worker for journal cache (C:\Users\noure\.gradle\caches\journal-1)" [_thread_blocked, id=4112, stack(0x000000001ba70000,0x000000001bb70000)]
  0x00000000198ee800 JavaThread "File lock request listener" [_thread_in_native, id=10956, stack(0x000000001b670000,0x000000001b770000)]
  0x00000000198e8800 JavaThread "Cache worker for file hash cache (C:\Users\noure\.gradle\caches\5.4.1\fileHashes)" [_thread_blocked, id=6676, stack(0x000000001b570000,0x000000001b670000)]
  0x0000000018e12800 JavaThread "Daemon periodic checks" [_thread_blocked, id=3012, stack(0x000000001ab70000,0x000000001ac70000)]
  0x0000000018bf7800 JavaThread "Incoming local TCP Connector on port 59560" [_thread_in_native, id=9332, stack(0x000000001a930000,0x000000001aa30000)]
  0x0000000019abb800 JavaThread "Daemon health stats" [_thread_blocked, id=2776, stack(0x000000001a1f0000,0x000000001a2f0000)]
  0x000000001828b000 JavaThread "Service Thread" daemon [_thread_blocked, id=8344, stack(0x0000000018820000,0x0000000018920000)]
  0x0000000018263800 JavaThread "C1 CompilerThread2" daemon [_thread_blocked, id=7120, stack(0x0000000018720000,0x0000000018820000)]
=>0x0000000016b2a800 JavaThread "C2 CompilerThread1" daemon [_thread_in_native, id=2812, stack(0x0000000018620000,0x0000000018720000)]
  0x0000000016ada000 JavaThread "C2 CompilerThread0" daemon [_thread_blocked, id=5152, stack(0x0000000018120000,0x0000000018220000)]
  0x0000000016ad9000 JavaThread "Attach Listener" daemon [_thread_blocked, id=10992, stack(0x0000000018020000,0x0000000018120000)]
  0x0000000016acc800 JavaThread "Signal Dispatcher" daemon [_thread_blocked, id=4828, stack(0x0000000017f20000,0x0000000018020000)]
  0x0000000003155800 JavaThread "Finalizer" daemon [_thread_blocked, id=5072, stack(0x0000000017d30000,0x0000000017e30000)]
  0x0000000016ab9000 JavaThread "Reference Handler" daemon [_thread_blocked, id=10016, stack(0x0000000017c30000,0x0000000017d30000)]
  0x000000000126e000 JavaThread "main" [_thread_blocked, id=2068, stack(0x0000000002e60000,0x0000000002f60000)]

Other Threads:
  0x0000000016a96000 VMThread [stack: 0x0000000017b30000,0x0000000017c30000] [id=10200]
  0x000000001828c000 WatcherThread [stack: 0x0000000018920000,0x0000000018a20000] [id=10688]

VM state:not at safepoint (normal execution)

VM Mutex/Monitor currently owned by a thread: None

heap address: 0x00000000a0000000, size: 1536 MB, Compressed Oops mode: 32-bit
Narrow klass base: 0x0000000000000000, Narrow klass shift: 3
Compressed class space size: 1073741824 Address: 0x0000000100000000

Heap:
 PSYoungGen      total 338944K, used 142145K [0x00000000e0000000, 0x00000000f8080000, 0x0000000100000000)
  eden space 286208K, 35% used [0x00000000e0000000,0x00000000e631ef70,0x00000000f1780000)
  from space 52736K, 77% used [0x00000000f4c00000,0x00000000f73b15a8,0x00000000f7f80000)
  to   space 53760K, 0% used [0x00000000f1780000,0x00000000f1780000,0x00000000f4c00000)
 ParOldGen       total 181760K, used 86548K [0x00000000a0000000, 0x00000000ab180000, 0x00000000e0000000)
  object space 181760K, 47% used [0x00000000a0000000,0x00000000a5485300,0x00000000ab180000)
 Metaspace       used 105697K, capacity 111876K, committed 112576K, reserved 1146880K
  class space    used 13314K, capacity 14435K, committed 14784K, reserved 1048576K

Card table byte_map: [0x0000000012520000,0x0000000012830000] byte_map_base: 0x0000000012020000

Marking Bits: (ParMarkBitMap*) 0x0000000076119f30
 Begin Bits: [0x0000000012e30000, 0x0000000014630000)
 End Bits:   [0x0000000014630000, 0x0000000015e30000)

Polling page: 0x0000000000df0000

CodeCache: size=245760Kb used=73017Kb max_used=73147Kb free=172742Kb
 bounds [0x0000000003160000, 0x0000000007960000, 0x0000000012160000]
 total_blobs=21469 nmethods=20449 adapters=931
 compilation: enabled

Compilation events (10 events):
Event: 3177.365 Thread 0x0000000016ada000 25449       4       com.android.tools.r8.dex.e::a (23 bytes)
Event: 3177.378 Thread 0x0000000018263800 25550       3       sun.nio.fs.WindowsException::<init> (15 bytes)
Event: 3177.378 Thread 0x0000000016ada000 nmethod 25449 0x0000000006c3c790 code [0x0000000006c3c940, 0x0000000006c3d0b8]
Event: 3177.379 Thread 0x0000000018263800 nmethod 25550 0x0000000006f00550 code [0x0000000006f006e0, 0x0000000006f00a88]
Event: 3177.404 Thread 0x0000000018263800 25551       3       org.gradle.internal.operations.DefaultBuildOperationExecutor$DefaultBuildOperationContext::failed (6 bytes)
Event: 3177.404 Thread 0x0000000018263800 nmethod 25551 0x000000000614b3d0 code [0x000000000614b520, 0x000000000614b690]
Event: 3177.471 Thread 0x0000000016ada000 25552       4       com.google.common.io.ByteSource::<init> (5 bytes)
Event: 3177.472 Thread 0x0000000016ada000 nmethod 25552 0x0000000005edc790 code [0x0000000005edc8c0, 0x0000000005edc958]
Event: 3177.681 Thread 0x0000000018263800 25553       3       com.sun.jmx.mbeanserver.StandardMBeanIntrospector::getInstance (4 bytes)
Event: 3177.681 Thread 0x0000000018263800 nmethod 25553 0x0000000005ee26d0 code [0x0000000005ee2820, 0x0000000005ee2950]

GC Heap History (10 events):
Event: 3158.532 GC heap before
{Heap before GC invocations=36 (full 4):
 PSYoungGen      total 339968K, used 322665K [0x00000000e0000000, 0x00000000f8080000, 0x0000000100000000)
  eden space 286208K, 100% used [0x00000000e0000000,0x00000000f1780000,0x00000000f1780000)
  from space 53760K, 67% used [0x00000000f1780000,0x00000000f3b1a7b0,0x00000000f4c00000)
  to   space 52736K, 0% used [0x00000000f4c00000,0x00000000f4c00000,0x00000000f7f80000)
 ParOldGen       total 181760K, used 51296K [0x00000000a0000000, 0x00000000ab180000, 0x00000000e0000000)
  object space 181760K, 28% used [0x00000000a0000000,0x00000000a32180a0,0x00000000ab180000)
 Metaspace       used 104517K, capacity 110620K, committed 111424K, reserved 1146880K
  class space    used 13206K, capacity 14339K, committed 14656K, reserved 1048576K
Event: 3158.619 GC heap after
Heap after GC invocations=36 (full 4):
 PSYoungGen      total 338944K, used 13231K [0x00000000e0000000, 0x00000000f8080000, 0x0000000100000000)
  eden space 286208K, 0% used [0x00000000e0000000,0x00000000e0000000,0x00000000f1780000)
  from space 52736K, 25% used [0x00000000f4c00000,0x00000000f58ebd38,0x00000000f7f80000)
  to   space 53760K, 0% used [0x00000000f1780000,0x00000000f1780000,0x00000000f4c00000)
 ParOldGen       total 181760K, used 76871K [0x00000000a0000000, 0x00000000ab180000, 0x00000000e0000000)
  object space 181760K, 42% used [0x00000000a0000000,0x00000000a4b11c28,0x00000000ab180000)
 Metaspace       used 104517K, capacity 110620K, committed 111424K, reserved 1146880K
  class space    used 13206K, capacity 14339K, committed 14656K, reserved 1048576K
}
Event: 3160.641 GC heap before
{Heap before GC invocations=37 (full 4):
 PSYoungGen      total 338944K, used 299439K [0x00000000e0000000, 0x00000000f8080000, 0x0000000100000000)
  eden space 286208K, 100% used [0x00000000e0000000,0x00000000f1780000,0x00000000f1780000)
  from space 52736K, 25% used [0x00000000f4c00000,0x00000000f58ebd38,0x00000000f7f80000)
  to   space 53760K, 0% used [0x00000000f1780000,0x00000000f1780000,0x00000000f4c00000)
 ParOldGen       total 181760K, used 76871K [0x00000000a0000000, 0x00000000ab180000, 0x00000000e0000000)
  object space 181760K, 42% used [0x00000000a0000000,0x00000000a4b11c28,0x00000000ab180000)
 Metaspace       used 104639K, capacity 110760K, committed 111424K, reserved 1146880K
  class space    used 13220K, capacity 14341K, committed 14656K, reserved 1048576K
Event: 3160.679 GC heap after
Heap after GC invocations=37 (full 4):
 PSYoungGen      total 339968K, used 15218K [0x00000000e0000000, 0x00000000f8080000, 0x0000000100000000)
  eden space 286208K, 0% used [0x00000000e0000000,0x00000000e0000000,0x00000000f1780000)
  from space 53760K, 28% used [0x00000000f1780000,0x00000000f265cb78,0x00000000f4c00000)
  to   space 52736K, 0% used [0x00000000f4c00000,0x00000000f4c00000,0x00000000f7f80000)
 ParOldGen       total 181760K, used 77527K [0x00000000a0000000, 0x00000000ab180000, 0x00000000e0000000)
  object space 181760K, 42% used [0x00000000a0000000,0x00000000a4bb5c28,0x00000000ab180000)
 Metaspace       used 104639K, capacity 110760K, committed 111424K, reserved 1146880K
  class space    used 13220K, capacity 14341K, committed 14656K, reserved 1048576K
}
Event: 3165.385 GC heap before
{Heap before GC invocations=38 (full 4):
 PSYoungGen      total 339968K, used 301426K [0x00000000e0000000, 0x00000000f8080000, 0x0000000100000000)
  eden space 286208K, 100% used [0x00000000e0000000,0x00000000f1780000,0x00000000f1780000)
  from space 53760K, 28% used [0x00000000f1780000,0x00000000f265cb78,0x00000000f4c00000)
  to   space 52736K, 0% used [0x00000000f4c00000,0x00000000f4c00000,0x00000000f7f80000)
 ParOldGen       total 181760K, used 77527K [0x00000000a0000000, 0x00000000ab180000, 0x00000000e0000000)
  object space 181760K, 42% used [0x00000000a0000000,0x00000000a4bb5c28,0x00000000ab180000)
 Metaspace       used 104723K, capacity 110824K, committed 111424K, reserved 1146880K
  class space    used 13220K, capacity 14341K, committed 14656K, reserved 1048576K
Event: 3165.410 GC heap after
Heap after GC invocations=38 (full 4):
 PSYoungGen      total 338944K, used 15653K [0x00000000e0000000, 0x00000000f8080000, 0x0000000100000000)
  eden space 286208K, 0% used [0x00000000e0000000,0x00000000e0000000,0x00000000f1780000)
  from space 52736K, 29% used [0x00000000f4c00000,0x00000000f5b49520,0x00000000f7f80000)
  to   space 53760K, 0% used [0x00000000f1780000,0x00000000f1780000,0x00000000f4c00000)
 ParOldGen       total 181760K, used 78724K [0x00000000a0000000, 0x00000000ab180000, 0x00000000e0000000)
  object space 181760K, 43% used [0x00000000a0000000,0x00000000a4ce12e0,0x00000000ab180000)
 Metaspace       used 104723K, capacity 110824K, committed 111424K, reserved 1146880K
  class space    used 13220K, capacity 14341K, committed 14656K, reserved 1048576K
}
Event: 3171.007 GC heap before
{Heap before GC invocations=39 (full 4):
 PSYoungGen      total 338944K, used 301861K [0x00000000e0000000, 0x00000000f8080000, 0x0000000100000000)
  eden space 286208K, 100% used [0x00000000e0000000,0x00000000f1780000,0x00000000f1780000)
  from space 52736K, 29% used [0x00000000f4c00000,0x00000000f5b49520,0x00000000f7f80000)
  to   space 53760K, 0% used [0x00000000f1780000,0x00000000f1780000,0x00000000f4c00000)
 ParOldGen       total 181760K, used 78724K [0x00000000a0000000, 0x00000000ab180000, 0x00000000e0000000)
  object space 181760K, 43% used [0x00000000a0000000,0x00000000a4ce12e0,0x00000000ab180000)
 Metaspace       used 104810K, capacity 110894K, committed 111680K, reserved 1146880K
  class space    used 13224K, capacity 14342K, committed 14656K, reserved 1048576K
Event: 3171.030 GC heap after
Heap after GC invocations=39 (full 4):
 PSYoungGen      total 339968K, used 9344K [0x00000000e0000000, 0x00000000f8080000, 0x0000000100000000)
  eden space 286208K, 0% used [0x00000000e0000000,0x00000000e0000000,0x00000000f1780000)
  from space 53760K, 17% used [0x00000000f1780000,0x00000000f20a0000,0x00000000f4c00000)
  to   space 52736K, 0% used [0x00000000f4c00000,0x00000000f4c00000,0x00000000f7f80000)
 ParOldGen       total 181760K, used 79356K [0x00000000a0000000, 0x00000000ab180000, 0x00000000e0000000)
  object space 181760K, 43% used [0x00000000a0000000,0x00000000a4d7f2e0,0x00000000ab180000)
 Metaspace       used 104810K, capacity 110894K, committed 111680K, reserved 1146880K
  class space    used 13224K, capacity 14342K, committed 14656K, reserved 1048576K
}
Event: 3175.832 GC heap before
{Heap before GC invocations=40 (full 4):
 PSYoungGen      total 339968K, used 295552K [0x00000000e0000000, 0x00000000f8080000, 0x0000000100000000)
  eden space 286208K, 100% used [0x00000000e0000000,0x00000000f1780000,0x00000000f1780000)
  from space 53760K, 17% used [0x00000000f1780000,0x00000000f20a0000,0x00000000f4c00000)
  to   space 52736K, 0% used [0x00000000f4c00000,0x00000000f4c00000,0x00000000f7f80000)
 ParOldGen       total 181760K, used 79356K [0x00000000a0000000, 0x00000000ab180000, 0x00000000e0000000)
  object space 181760K, 43% used [0x00000000a0000000,0x00000000a4d7f2e0,0x00000000ab180000)
 Metaspace       used 105676K, capacity 111870K, committed 112576K, reserved 1146880K
  class space    used 13314K, capacity 14434K, committed 14784K, reserved 1048576K
Event: 3175.939 GC heap after
Heap after GC invocations=40 (full 4):
 PSYoungGen      total 338944K, used 40645K [0x00000000e0000000, 0x00000000f8080000, 0x0000000100000000)
  eden space 286208K, 0% used [0x00000000e0000000,0x00000000e0000000,0x00000000f1780000)
  from space 52736K, 77% used [0x00000000f4c00000,0x00000000f73b15a8,0x00000000f7f80000)
  to   space 53760K, 0% used [0x00000000f1780000,0x00000000f1780000,0x00000000f4c00000)
 ParOldGen       total 181760K, used 86548K [0x00000000a0000000, 0x00000000ab180000, 0x00000000e0000000)
  object space 181760K, 47% used [0x00000000a0000000,0x00000000a5485300,0x00000000ab180000)
 Metaspace       used 105676K, capacity 111870K, committed 112576K, reserved 1146880K
  class space    used 13314K, capacity 14434K, committed 14784K, reserved 1048576K
}

Deoptimization events (10 events):
Event: 3176.592 Thread 0x000000001deba000 Uncommon trap: reason=class_check action=maybe_recompile pc=0x000000000522db40 method=com.android.tools.r8.graph.DexAnnotationSet.a(Lcom/android/tools/r8/dex/o;)V @ 4
Event: 3176.592 Thread 0x000000001deba000 Uncommon trap: reason=class_check action=maybe_recompile pc=0x000000000522db40 method=com.android.tools.r8.graph.DexAnnotationSet.a(Lcom/android/tools/r8/dex/o;)V @ 4
Event: 3176.593 Thread 0x000000001deba000 Uncommon trap: reason=class_check action=maybe_recompile pc=0x000000000522db40 method=com.android.tools.r8.graph.DexAnnotationSet.a(Lcom/android/tools/r8/dex/o;)V @ 4
Event: 3176.593 Thread 0x000000001deba000 Uncommon trap: reason=class_check action=maybe_recompile pc=0x000000000522db40 method=com.android.tools.r8.graph.DexAnnotationSet.a(Lcom/android/tools/r8/dex/o;)V @ 4
Event: 3176.847 Thread 0x000000001deba000 Uncommon trap: reason=bimorphic action=maybe_recompile pc=0x00000000033388c4 method=java.util.Comparator.lambda$comparing$77a9974f$1(Ljava/util/function/Function;Ljava/lang/Object;Ljava/lang/Object;)I @ 2
Event: 3176.847 Thread 0x000000001deba000 Uncommon trap: reason=bimorphic action=maybe_recompile pc=0x00000000033388c4 method=java.util.Comparator.lambda$comparing$77a9974f$1(Ljava/util/function/Function;Ljava/lang/Object;Ljava/lang/Object;)I @ 2
Event: 3176.847 Thread 0x000000001deba000 Uncommon trap: reason=bimorphic action=maybe_recompile pc=0x00000000033388c4 method=java.util.Comparator.lambda$comparing$77a9974f$1(Ljava/util/function/Function;Ljava/lang/Object;Ljava/lang/Object;)I @ 2
Event: 3176.847 Thread 0x000000001deba000 Uncommon trap: reason=bimorphic action=maybe_recompile pc=0x00000000033388c4 method=java.util.Comparator.lambda$comparing$77a9974f$1(Ljava/util/function/Function;Ljava/lang/Object;Ljava/lang/Object;)I @ 2
Event: 3177.404 Thread 0x000000001ce0d000 Uncommon trap: reason=array_check action=maybe_recompile pc=0x0000000006e21d8c method=java.util.TimSort.reverseRange([Ljava/lang/Object;II)V @ 27
Event: 3177.682 Thread 0x000000001ce12000 Uncommon trap: reason=array_check action=maybe_recompile pc=0x0000000006e21d8c method=java.util.TimSort.reverseRange([Ljava/lang/Object;II)V @ 27

Classes redefined (0 events):
No events

Internal exceptions (10 events):
Event: 3170.121 Thread 0x000000001deb4000 Exception <a 'sun/nio/fs/WindowsException'> (0x00000000f10270c0) thrown at [D:\src\AOSP-openjdk-cygwin\jdk8u\hotspot\src\share\vm\prims\jni.cpp, line 710]
Event: 3170.125 Thread 0x000000001deb4000 Exception <a 'sun/nio/fs/WindowsException'> (0x00000000f102e520) thrown at [D:\src\AOSP-openjdk-cygwin\jdk8u\hotspot\src\share\vm\prims\jni.cpp, line 710]
Event: 3170.140 Thread 0x000000001deb4000 Exception <a 'sun/nio/fs/WindowsException'> (0x00000000f118baf0) thrown at [D:\src\AOSP-openjdk-cygwin\jdk8u\hotspot\src\share\vm\prims\jni.cpp, line 710]
Event: 3170.152 Thread 0x000000001deb4000 Exception <a 'sun/nio/fs/WindowsException'> (0x00000000f1191f70) thrown at [D:\src\AOSP-openjdk-cygwin\jdk8u\hotspot\src\share\vm\prims\jni.cpp, line 710]
Event: 3170.994 Thread 0x000000001ce0e800 Exception <a 'java/lang/NoSuchMethodError': <clinit>> (0x00000000f143cb60) thrown at [D:\src\AOSP-openjdk-cygwin\jdk8u\hotspot\src\share\vm\prims\jni.cpp, line 1614]
Event: 3171.105 Thread 0x000000001ce11800 Exception <a 'sun/nio/fs/WindowsException'> (0x00000000e080e348) thrown at [D:\src\AOSP-openjdk-cygwin\jdk8u\hotspot\src\share\vm\prims\jni.cpp, line 710]
Event: 3171.402 Thread 0x000000001deba000 Implicit null exception at 0x0000000003bbf8af to 0x0000000003bbf9a1
Event: 3174.286 Thread 0x000000001debc000 Exception <a 'sun/nio/fs/WindowsException'> (0x00000000eac8d178) thrown at [D:\src\AOSP-openjdk-cygwin\jdk8u\hotspot\src\share\vm\prims\jni.cpp, line 710]
Event: 3174.714 Thread 0x000000001ce0d000 Exception <a 'sun/nio/fs/WindowsException'> (0x00000000ebde7538) thrown at [D:\src\AOSP-openjdk-cygwin\jdk8u\hotspot\src\share\vm\prims\jni.cpp, line 710]
Event: 3177.378 Thread 0x000000001deba000 Exception <a 'sun/nio/fs/WindowsException'> (0x00000000e5e25fd0) thrown at [D:\src\AOSP-openjdk-cygwin\jdk8u\hotspot\src\share\vm\prims\jni.cpp, line 710]

Events (10 events):
Event: 3177.404 Executing VM operation: RevokeBias done
Event: 3177.404 Thread 0x000000001debe800 Thread exited: 0x000000001debe800
Event: 3177.404 Thread 0x000000001debd800 Thread exited: 0x000000001debd800
Event: 3177.404 Thread 0x000000001debc000 Thread exited: 0x000000001debc000
Event: 3177.404 Thread 0x000000001ce0d000 Uncommon trap: trap_request=0xffffffd6 fr.pc=0x0000000006e21d8c
Event: 3177.404 Thread 0x000000001ce0d000 DEOPT PACKING pc=0x0000000006e21d8c sp=0x0000000032ebdfc0
Event: 3177.404 Thread 0x000000001ce0d000 DEOPT UNPACKING pc=0x00000000031a557b sp=0x0000000032ebde50 mode 2
Event: 3177.682 Thread 0x000000001ce12000 Uncommon trap: trap_request=0xffffffd6 fr.pc=0x0000000006e21d8c
Event: 3177.682 Thread 0x000000001ce12000 DEOPT PACKING pc=0x0000000006e21d8c sp=0x0000000032fbde80
Event: 3177.682 Thread 0x000000001ce12000 DEOPT UNPACKING pc=0x00000000031a557b sp=0x0000000032fbdd10 mode 2


Dynamic libraries:
0x00007ff610310000 - 0x00007ff610341000 	C:\Program Files\Android\Android Studio\jre\bin\java.exe
0x00007ffd5a360000 - 0x00007ffd5a541000 	C:\Windows\SYSTEM32\ntdll.dll
0x00007ffd57e10000 - 0x00007ffd57ec2000 	C:\Windows\System32\KERNEL32.DLL
0x00007ffd57160000 - 0x00007ffd573d3000 	C:\Windows\System32\KERNELBASE.dll
0x00007ffd57b10000 - 0x00007ffd57bb1000 	C:\Windows\System32\ADVAPI32.dll
0x00007ffd577f0000 - 0x00007ffd5788e000 	C:\Windows\System32\msvcrt.dll
0x00007ffd579c0000 - 0x00007ffd57a1b000 	C:\Windows\System32\sechost.dll
0x00007ffd57890000 - 0x00007ffd579b4000 	C:\Windows\System32\RPCRT4.dll
0x00007ffd5a170000 - 0x00007ffd5a300000 	C:\Windows\System32\USER32.dll
0x00007ffd576d0000 - 0x00007ffd576f0000 	C:\Windows\System32\win32u.dll
0x00007ffd5a300000 - 0x00007ffd5a328000 	C:\Windows\System32\GDI32.dll
0x00007ffd56f40000 - 0x00007ffd570d2000 	C:\Windows\System32\gdi32full.dll
0x00007ffd576f0000 - 0x00007ffd5778f000 	C:\Windows\System32\msvcp_win.dll
0x00007ffd56730000 - 0x00007ffd5682a000 	C:\Windows\System32\ucrtbase.dll
0x00007ffd43320000 - 0x00007ffd43589000 	C:\Windows\WinSxS\amd64_microsoft.windows.common-controls_6595b64144ccf1df_6.0.17134.81_none_b4b229fe3cb4cfa3\COMCTL32.dll
0x00007ffd598b0000 - 0x00007ffd59bd3000 	C:\Windows\System32\combase.dll
0x00007ffd570e0000 - 0x00007ffd5715a000 	C:\Windows\System32\bcryptPrimitives.dll
0x00007ffd580b0000 - 0x00007ffd580dd000 	C:\Windows\System32\IMM32.DLL
0x0000000075870000 - 0x0000000075942000 	C:\Program Files\Android\Android Studio\jre\jre\bin\msvcr100.dll
0x0000000075950000 - 0x0000000076196000 	C:\Program Files\Android\Android Studio\jre\jre\bin\server\jvm.dll
0x00007ffd57c60000 - 0x00007ffd57c68000 	C:\Windows\System32\PSAPI.DLL
0x00007ffd533c0000 - 0x00007ffd533c9000 	C:\Windows\SYSTEM32\WSOCK32.dll
0x00007ffd59630000 - 0x00007ffd5969c000 	C:\Windows\System32\WS2_32.dll
0x00007ffd500e0000 - 0x00007ffd50103000 	C:\Windows\SYSTEM32\WINMM.dll
0x00007ffd4bb00000 - 0x00007ffd4bb0a000 	C:\Windows\SYSTEM32\VERSION.dll
0x00007ffd500b0000 - 0x00007ffd500da000 	C:\Windows\SYSTEM32\WINMMBASE.dll
0x00007ffd573e0000 - 0x00007ffd57429000 	C:\Windows\System32\cfgmgr32.dll
0x00007ffd52430000 - 0x00007ffd5243f000 	C:\Program Files\Android\Android Studio\jre\jre\bin\verify.dll
0x00007ffd518d0000 - 0x00007ffd518f9000 	C:\Program Files\Android\Android Studio\jre\jre\bin\java.dll
0x00007ffd51070000 - 0x00007ffd51086000 	C:\Program Files\Android\Android Studio\jre\jre\bin\zip.dll
0x00007ffd58140000 - 0x00007ffd59580000 	C:\Windows\System32\SHELL32.dll
0x00007ffd59580000 - 0x00007ffd59629000 	C:\Windows\System32\shcore.dll
0x00007ffd56830000 - 0x00007ffd56f3d000 	C:\Windows\System32\windows.storage.dll
0x00007ffd580e0000 - 0x00007ffd58131000 	C:\Windows\System32\shlwapi.dll
0x00007ffd566c0000 - 0x00007ffd566d1000 	C:\Windows\System32\kernel.appcore.dll
0x00007ffd566a0000 - 0x00007ffd566bf000 	C:\Windows\System32\profapi.dll
0x00007ffd566e0000 - 0x00007ffd5672c000 	C:\Windows\System32\powrprof.dll
0x00007ffd56690000 - 0x00007ffd5669a000 	C:\Windows\System32\FLTLIB.DLL
0x00007ffd50220000 - 0x00007ffd5023a000 	C:\Program Files\Android\Android Studio\jre\jre\bin\net.dll
0x00007ffd55ef0000 - 0x00007ffd55f56000 	C:\Windows\system32\mswsock.dll
0x00007ffd4fbe0000 - 0x00007ffd4fbf1000 	C:\Program Files\Android\Android Studio\jre\jre\bin\nio.dll
0x00007ffd4db10000 - 0x00007ffd4db36000 	C:\Users\noure\.gradle\native\29\windows-amd64\native-platform.dll
0x00007ffd519f0000 - 0x00007ffd519fd000 	C:\Program Files\Android\Android Studio\jre\jre\bin\management.dll
0x00007ffd560a0000 - 0x00007ffd560b7000 	C:\Windows\SYSTEM32\CRYPTSP.dll
0x00007ffd55ad0000 - 0x00007ffd55b03000 	C:\Windows\system32\rsaenh.dll
0x00007ffd561d0000 - 0x00007ffd561f5000 	C:\Windows\SYSTEM32\bcrypt.dll
0x00007ffd56570000 - 0x00007ffd56598000 	C:\Windows\SYSTEM32\USERENV.dll
0x00007ffd560c0000 - 0x00007ffd560cb000 	C:\Windows\SYSTEM32\CRYPTBASE.dll
0x00007ffd55c70000 - 0x00007ffd55ca8000 	C:\Windows\SYSTEM32\IPHLPAPI.DLL
0x00007ffd598a0000 - 0x00007ffd598a8000 	C:\Windows\System32\NSI.dll
0x00007ffd50470000 - 0x00007ffd50486000 	C:\Windows\SYSTEM32\dhcpcsvc6.DLL
0x00007ffd50520000 - 0x00007ffd5053a000 	C:\Windows\SYSTEM32\dhcpcsvc.DLL
0x00007ffd4e3d0000 - 0x00007ffd4e3f4000 	C:\Program Files\Android\Android Studio\jre\jre\bin\sunec.dll
0x00007ffd55cb0000 - 0x00007ffd55d6e000 	C:\Windows\SYSTEM32\DNSAPI.dll
0x00007ffd4bae0000 - 0x00007ffd4baea000 	C:\Windows\System32\rasadhlp.dll
0x00007ffd4e570000 - 0x00007ffd4e5e2000 	C:\Windows\System32\fwpuclnt.dll
0x00007ffd51060000 - 0x00007ffd5106b000 	C:\Program Files\Android\Android Studio\jre\jre\bin\sunmscapi.dll
0x00007ffd574e0000 - 0x00007ffd576c2000 	C:\Windows\System32\CRYPT32.dll
0x00007ffd56670000 - 0x00007ffd56682000 	C:\Windows\System32\MSASN1.dll
0x00007ffd32cd0000 - 0x00007ffd32e6c000 	C:\Program Files\Android\Android Studio\jre\jre\bin\awt.dll
0x00007ffd59c50000 - 0x00007ffd59d12000 	C:\Windows\System32\OLEAUT32.dll
0x00007ffd54de0000 - 0x00007ffd54e09000 	C:\Windows\SYSTEM32\dwmapi.dll
0x00007ffd53c60000 - 0x00007ffd54227000 	C:\Windows\SYSTEM32\d2d1.dll
0x00007ffd549b0000 - 0x00007ffd54a3b000 	C:\Windows\SYSTEM32\apphelp.dll
0x00007ffd54c30000 - 0x00007ffd54cc8000 	C:\Windows\system32\uxtheme.dll

VM Arguments:
jvm_args: -Xmx1536m -Dfile.encoding=windows-1256 -Duser.country=DZ -Duser.language=ar -Duser.variant 
java_command: org.gradle.launcher.daemon.bootstrap.GradleDaemon 5.4.1
java_class_path (initial): C:\Users\noure\.gradle\wrapper\dists\gradle-5.4.1-all\3221gyojl5jsh0helicew7rwx\gradle-5.4.1\lib\gradle-launcher-5.4.1.jar
Launcher Type: SUN_STANDARD

Environment Variables:
PATH=C:\Program Files (x86)\Common Files\Oracle\Java\javapath;C:\Program Files (x86)\Intel\iCLS Client\;C:\Program Files\Intel\iCLS Client\;C:\Windows\system32;C:\Windows;C:\Windows\System32\Wbem;C:\Windows\System32\WindowsPowerShell\v1.0\;C:\Windows\System32\OpenSSH\;C:\Program Files (x86)\Intel\Intel(R) Management Engine Components\DAL;C:\Program Files\Intel\Intel(R) Management Engine Components\DAL;C:\Program Files (x86)\Intel\Intel(R) Management Engine Components\IPT;C:\Program Files\Intel\Intel(R) Management Engine Components\IPT;C:\Program Files\Intel\WiFi\bin\;C:\Program Files\Common Files\Intel\WirelessCommon\;";C:\python\;C:\python\Scripts\";C:\Program Files\Git\cmd;C:\Program Files\Calibre2\;C:\Users\noure\AppData\Local\Microsoft\WindowsApps;C:\Program Files\Bandizip\;C:\Program Files\Intel\WiFi\bin\;C:\Program Files\Common Files\Intel\WirelessCommon\;C:\Program Files (x86)\Jar2Exe Wizard\
USERNAME=noure
OS=Windows_NT
PROCESSOR_IDENTIFIER=Intel64 Family 6 Model 69 Stepping 1, GenuineIntel



---------------  S Y S T E M  ---------------

OS: Windows 10.0 , 64 bit Build 17134 (10.0.17134.1)

CPU:total 4 (initial active 4) (2 cores per cpu, 2 threads per core) family 6 model 69 stepping 1, cmov, cx8, fxsr, mmx, sse, sse2, sse3, ssse3, sse4.1, sse4.2, popcnt, avx, avx2, aes, clmul, erms, lzcnt, ht, tsc, tscinvbit, bmi1, bmi2

Memory: 4k page, physical 8291672k(2192932k free), swap 8701272k(7604k free)

vm_info: OpenJDK 64-Bit Server VM (25.202-b03) for windows-amd64 JRE (1.8.0_202-release-1483-b03), built by "builder" with MS VC++ 10.0 (VS2010)

time: Tue Jul 07 19:15:23 2020
timezone: €—» √›—ÌﬁÌ« «·Ê”ÿÏ -  ÊﬁÌ  —”„Ì
elapsed time: 3177 seconds (0d 0h 52m 57s)

